<?xml version="1.0" encoding="UTF-8"?>
<testng-results skipped="0" failed="1" ignored="0" total="7" passed="6">
  <reporter-output>
  </reporter-output>
  <suite name="All Test Suite" duration-ms="28449" started-at="2022-10-12T08:53:29 CEST" finished-at="2022-10-12T08:53:58 CEST">
    <groups>
    </groups>
    <test name="C:/Users/marjan.karafiloski/Java/Zavodliva" duration-ms="28449" started-at="2022-10-12T08:53:29 CEST" finished-at="2022-10-12T08:53:58 CEST">
      <class name="backend.RestAssuredTests">
        <test-method status="PASS" signature="assertHomePageLoads()[pri:0, instance:backend.RestAssuredTests@29b5cd00]" name="assertHomePageLoads" duration-ms="1616" started-at="2022-10-12T08:53:29 CEST" finished-at="2022-10-12T08:53:31 CEST">
          <reporter-output>
          </reporter-output>
        </test-method> <!-- assertHomePageLoads -->
        <test-method status="PASS" signature="registerTest()[pri:0, instance:backend.RestAssuredTests@29b5cd00]" name="registerTest" duration-ms="379" started-at="2022-10-12T08:53:31 CEST" finished-at="2022-10-12T08:53:31 CEST">
          <reporter-output>
          </reporter-output>
        </test-method> <!-- registerTest -->
      </class> <!-- backend.RestAssuredTests -->
      <class name="frontend.tests.FrontEndTests">
        <test-method status="PASS" signature="setup()[pri:0, instance:frontend.tests.FrontEndTests@4923ab24]" name="setup" is-config="true" duration-ms="2728" started-at="2022-10-12T08:53:31 CEST" finished-at="2022-10-12T08:53:34 CEST">
          <reporter-output>
          </reporter-output>
        </test-method> <!-- setup -->
        <test-method status="PASS" signature="assertHomePageHeaderTitle()[pri:0, instance:frontend.tests.FrontEndTests@4923ab24]" name="assertHomePageHeaderTitle" duration-ms="1156" started-at="2022-10-12T08:53:34 CEST" finished-at="2022-10-12T08:53:35 CEST">
          <reporter-output>
          </reporter-output>
        </test-method> <!-- assertHomePageHeaderTitle -->
        <test-method status="PASS" signature="tearDown()[pri:0, instance:frontend.tests.FrontEndTests@4923ab24]" name="tearDown" is-config="true" duration-ms="652" started-at="2022-10-12T08:53:35 CEST" finished-at="2022-10-12T08:53:36 CEST">
          <reporter-output>
          </reporter-output>
        </test-method> <!-- tearDown -->
        <test-method status="PASS" signature="setup()[pri:0, instance:frontend.tests.FrontEndTests@4923ab24]" name="setup" is-config="true" duration-ms="1238" started-at="2022-10-12T08:53:36 CEST" finished-at="2022-10-12T08:53:37 CEST">
          <reporter-output>
          </reporter-output>
        </test-method> <!-- setup -->
        <test-method status="PASS" signature="failLoginWithNewUser()[pri:0, instance:frontend.tests.FrontEndTests@4923ab24]" name="failLoginWithNewUser" duration-ms="4539" started-at="2022-10-12T08:53:37 CEST" finished-at="2022-10-12T08:53:42 CEST">
          <reporter-output>
          </reporter-output>
        </test-method> <!-- failLoginWithNewUser -->
        <test-method status="PASS" signature="tearDown()[pri:0, instance:frontend.tests.FrontEndTests@4923ab24]" name="tearDown" is-config="true" duration-ms="658" started-at="2022-10-12T08:53:42 CEST" finished-at="2022-10-12T08:53:42 CEST">
          <reporter-output>
          </reporter-output>
        </test-method> <!-- tearDown -->
        <test-method status="PASS" signature="setup()[pri:0, instance:frontend.tests.FrontEndTests@4923ab24]" name="setup" is-config="true" duration-ms="1260" started-at="2022-10-12T08:53:42 CEST" finished-at="2022-10-12T08:53:44 CEST">
          <reporter-output>
          </reporter-output>
        </test-method> <!-- setup -->
        <test-method status="PASS" signature="openHomePage()[pri:0, instance:frontend.tests.FrontEndTests@4923ab24]" name="openHomePage" duration-ms="1243" started-at="2022-10-12T08:53:44 CEST" finished-at="2022-10-12T08:53:45 CEST">
          <reporter-output>
          </reporter-output>
        </test-method> <!-- openHomePage -->
        <test-method status="PASS" signature="tearDown()[pri:0, instance:frontend.tests.FrontEndTests@4923ab24]" name="tearDown" is-config="true" duration-ms="686" started-at="2022-10-12T08:53:45 CEST" finished-at="2022-10-12T08:53:45 CEST">
          <reporter-output>
          </reporter-output>
        </test-method> <!-- tearDown -->
        <test-method status="PASS" signature="setup()[pri:0, instance:frontend.tests.FrontEndTests@4923ab24]" name="setup" is-config="true" duration-ms="1228" started-at="2022-10-12T08:53:45 CEST" finished-at="2022-10-12T08:53:47 CEST">
          <reporter-output>
          </reporter-output>
        </test-method> <!-- setup -->
        <test-method status="FAIL" signature="registerNewAdmin()[pri:0, instance:frontend.tests.FrontEndTests@4923ab24]" name="registerNewAdmin" duration-ms="6638" started-at="2022-10-12T08:53:47 CEST" finished-at="2022-10-12T08:53:53 CEST">
          <exception class="java.lang.AssertionError">
            <message>
              <![CDATA[expected [https://zavodlivakvecherina.herokuapp.com/] but found [https://zavodlivakvecherina.herokuapp.com/registerNewAdminForKvecherina]]]>
            </message>
            <full-stacktrace>
              <![CDATA[java.lang.AssertionError: expected [https://zavodlivakvecherina.herokuapp.com/] but found [https://zavodlivakvecherina.herokuapp.com/registerNewAdminForKvecherina]
at org.testng.Assert.fail(Assert.java:99)
at org.testng.Assert.failNotEquals(Assert.java:1037)
at org.testng.Assert.assertEqualsImpl(Assert.java:140)
at org.testng.Assert.assertEquals(Assert.java:122)
at org.testng.Assert.assertEquals(Assert.java:629)
at org.testng.Assert.assertEquals(Assert.java:639)
at frontend.tests.FrontEndTests.registerNewAdmin(FrontEndTests.java:71)
at sun.reflect.NativeMethodAccessorImpl.invoke0(Native Method)
at sun.reflect.NativeMethodAccessorImpl.invoke(NativeMethodAccessorImpl.java:62)
at sun.reflect.DelegatingMethodAccessorImpl.invoke(DelegatingMethodAccessorImpl.java:43)
at java.lang.reflect.Method.invoke(Method.java:498)
at org.testng.internal.MethodInvocationHelper.invokeMethod(MethodInvocationHelper.java:133)
at org.testng.internal.TestInvoker.invokeMethod(TestInvoker.java:598)
at org.testng.internal.TestInvoker.invokeTestMethod(TestInvoker.java:173)
at org.testng.internal.MethodRunner.runInSequence(MethodRunner.java:46)
at org.testng.internal.TestInvoker$MethodInvocationAgent.invoke(TestInvoker.java:824)
at org.testng.internal.TestInvoker.invokeTestMethods(TestInvoker.java:146)
at org.testng.internal.TestMethodWorker.invokeTestMethods(TestMethodWorker.java:146)
at org.testng.internal.TestMethodWorker.run(TestMethodWorker.java:128)
at java.util.ArrayList.forEach(ArrayList.java:1259)
at org.testng.TestRunner.privateRun(TestRunner.java:794)
at org.testng.TestRunner.run(TestRunner.java:596)
at org.testng.SuiteRunner.runTest(SuiteRunner.java:377)
at org.testng.SuiteRunner.runSequentially(SuiteRunner.java:371)
at org.testng.SuiteRunner.privateRun(SuiteRunner.java:332)
at org.testng.SuiteRunner.run(SuiteRunner.java:276)
at org.testng.SuiteRunnerWorker.runSuite(SuiteRunnerWorker.java:53)
at org.testng.SuiteRunnerWorker.run(SuiteRunnerWorker.java:96)
at org.testng.TestNG.runSuitesSequentially(TestNG.java:1212)
at org.testng.TestNG.runSuitesLocally(TestNG.java:1134)
at org.testng.TestNG.runSuites(TestNG.java:1063)
at org.testng.TestNG.run(TestNG.java:1031)
at org.apache.maven.surefire.testng.TestNGExecutor.run(TestNGExecutor.java:324)
at org.apache.maven.surefire.testng.TestNGXmlTestSuite.execute(TestNGXmlTestSuite.java:74)
at org.apache.maven.surefire.testng.TestNGProvider.invoke(TestNGProvider.java:123)
at org.apache.maven.surefire.booter.ForkedBooter.runSuitesInProcess(ForkedBooter.java:456)
at org.apache.maven.surefire.booter.ForkedBooter.execute(ForkedBooter.java:169)
at org.apache.maven.surefire.booter.ForkedBooter.run(ForkedBooter.java:595)
at org.apache.maven.surefire.booter.ForkedBooter.main(ForkedBooter.java:581)
]]>
            </full-stacktrace>
          </exception> <!-- java.lang.AssertionError -->
          <reporter-output>
          </reporter-output>
        </test-method> <!-- registerNewAdmin -->
        <test-method status="PASS" signature="tearDown()[pri:0, instance:frontend.tests.FrontEndTests@4923ab24]" name="tearDown" is-config="true" duration-ms="648" started-at="2022-10-12T08:53:53 CEST" finished-at="2022-10-12T08:53:54 CEST">
          <reporter-output>
          </reporter-output>
        </test-method> <!-- tearDown -->
        <test-method status="PASS" signature="setup()[pri:0, instance:frontend.tests.FrontEndTests@4923ab24]" name="setup" is-config="true" duration-ms="1213" started-at="2022-10-12T08:53:54 CEST" finished-at="2022-10-12T08:53:55 CEST">
          <reporter-output>
          </reporter-output>
        </test-method> <!-- setup -->
        <test-method status="PASS" signature="loginWithNewUser()[pri:1, instance:frontend.tests.FrontEndTests@4923ab24]" name="loginWithNewUser" duration-ms="1894" started-at="2022-10-12T08:53:55 CEST" finished-at="2022-10-12T08:53:57 CEST">
          <reporter-output>
          </reporter-output>
        </test-method> <!-- loginWithNewUser -->
        <test-method status="PASS" signature="tearDown()[pri:0, instance:frontend.tests.FrontEndTests@4923ab24]" name="tearDown" is-config="true" duration-ms="639" started-at="2022-10-12T08:53:57 CEST" finished-at="2022-10-12T08:53:58 CEST">
          <reporter-output>
          </reporter-output>
        </test-method> <!-- tearDown -->
      </class> <!-- frontend.tests.FrontEndTests -->
    </test> <!-- C:/Users/marjan.karafiloski/Java/Zavodliva -->
  </suite> <!-- All Test Suite -->
</testng-results>
